# JRE version: Java(TM) SE Runtime Environment (8.0_71-b15) (build 1.8.0_71-b15)
# Java VM: Java HotSpot(TM) 64-Bit Server VM (25.71-b15 mixed mode windows-amd64 compressed oops)
Heap:
 PSYoungGen      total 140288K, used 7792K [0x00000000eb300000, 0x00000000f9200000, 0x0000000100000000)
  eden space 130560K, 5% used [0x00000000eb300000,0x00000000eba9c388,0x00000000f3280000)
  from space 9728K, 0% used [0x00000000f3280000,0x00000000f3280000,0x00000000f3c00000)
  to   space 9728K, 0% used [0x00000000f8880000,0x00000000f8880000,0x00000000f9200000)
 ParOldGen       total 41472K, used 13696K [0x00000000c1800000, 0x00000000c4080000, 0x00000000eb300000)
  object space 41472K, 33% used [0x00000000c1800000,0x00000000c2560018,0x00000000c4080000)
 Metaspace       used 20676K, capacity 21266K, committed 21552K, reserved 1069056K
  class space    used 2474K, capacity 2648K, committed 2688K, reserved 1048576K
GC Heap History (10 events):
Event: 3.678 GC heap before
{Heap before GC invocations=6 (full 0):
 PSYoungGen      total 35328K, used 35296K [0x00000000eb300000, 0x00000000f0200000, 0x0000000100000000)
  eden space 32768K, 100% used [0x00000000eb300000,0x00000000ed300000,0x00000000ed300000)
  from space 2560K, 98% used [0x00000000ed300000,0x00000000ed578020,0x00000000ed580000)
  to   space 7680K, 0% used [0x00000000efa80000,0x00000000efa80000,0x00000000f0200000)
 ParOldGen       total 44032K, used 10739K [0x00000000c1800000, 0x00000000c4300000, 0x00000000eb300000)
  object space 44032K, 24% used [0x00000000c1800000,0x00000000c227cc98,0x00000000c4300000)
 Metaspace       used 15634K, capacity 15902K, committed 16128K, reserved 1062912K
  class space    used 1869K, capacity 1978K, committed 2048K, reserved 1048576K
Event: 3.688 GC heap after
Heap after GC invocations=6 (full 0):
 PSYoungGen      total 72192K, used 4576K [0x00000000eb300000, 0x00000000f0100000, 0x0000000100000000)
  eden space 65536K, 0% used [0x00000000eb300000,0x00000000eb300000,0x00000000ef300000)
  from space 6656K, 68% used [0x00000000efa80000,0x00000000efef8000,0x00000000f0100000)
  to   space 7168K, 0% used [0x00000000ef300000,0x00000000ef300000,0x00000000efa00000)
 ParOldGen       total 44032K, used 10747K [0x00000000c1800000, 0x00000000c4300000, 0x00000000eb300000)
  object space 44032K, 24% used [0x00000000c1800000,0x00000000c227ec98,0x00000000c4300000)
 Metaspace       used 15634K, capacity 15902K, committed 16128K, reserved 1062912K
  class space    used 1869K, capacity 1978K, committed 2048K, reserved 1048576K
}
Event: 5.858 GC heap before
{Heap before GC invocations=7 (full 0):
 PSYoungGen      total 72192K, used 70112K [0x00000000eb300000, 0x00000000f0100000, 0x0000000100000000)
  eden space 65536K, 100% used [0x00000000eb300000,0x00000000ef300000,0x00000000ef300000)
  from space 6656K, 68% used [0x00000000efa80000,0x00000000efef8000,0x00000000f0100000)
  to   space 7168K, 0% used [0x00000000ef300000,0x00000000ef300000,0x00000000efa00000)
 ParOldGen       total 44032K, used 10747K [0x00000000c1800000, 0x00000000c4300000, 0x00000000eb300000)
  object space 44032K, 24% used [0x00000000c1800000,0x00000000c227ec98,0x00000000c4300000)
 Metaspace       used 18383K, capacity 18830K, committed 19072K, reserved 1067008K
  class space    used 2170K, capacity 2333K, committed 2432K, reserved 1048576K
Event: 5.896 GC heap after
Heap after GC invocations=7 (full 0):
 PSYoungGen      total 72704K, used 7163K [0x00000000eb300000, 0x00000000f4500000, 0x0000000100000000)
  eden space 65536K, 0% used [0x00000000eb300000,0x00000000eb300000,0x00000000ef300000)
  from space 7168K, 99% used [0x00000000ef300000,0x00000000ef9fef40,0x00000000efa00000)
  to   space 9216K, 0% used [0x00000000f3c00000,0x00000000f3c00000,0x00000000f4500000)
 ParOldGen       total 44032K, used 12896K [0x00000000c1800000, 0x00000000c4300000, 0x00000000eb300000)
  object space 44032K, 29% used [0x00000000c1800000,0x00000000c2498100,0x00000000c4300000)
 Metaspace       used 18383K, capacity 18830K, committed 19072K, reserved 1067008K
  class space    used 2170K, capacity 2333K, committed 2432K, reserved 1048576K
}
Event: 7.241 GC heap before
{Heap before GC invocations=8 (full 0):
 PSYoungGen      total 72704K, used 72699K [0x00000000eb300000, 0x00000000f4500000, 0x0000000100000000)
  eden space 65536K, 100% used [0x00000000eb300000,0x00000000ef300000,0x00000000ef300000)
  from space 7168K, 99% used [0x00000000ef300000,0x00000000ef9fef40,0x00000000efa00000)
  to   space 9216K, 0% used [0x00000000f3c00000,0x00000000f3c00000,0x00000000f4500000)
 ParOldGen       total 44032K, used 12896K [0x00000000c1800000, 0x00000000c4300000, 0x00000000eb300000)
  object space 44032K, 29% used [0x00000000c1800000,0x00000000c2498100,0x00000000c4300000)
 Metaspace       used 20063K, capacity 20612K, committed 20864K, reserved 1067008K
  class space    used 2432K, capacity 2606K, committed 2688K, reserved 1048576K
Event: 7.255 GC heap after
Heap after GC invocations=8 (full 0):
 PSYoungGen      total 139776K, used 7503K [0x00000000eb300000, 0x00000000f4600000, 0x0000000100000000)
  eden space 130560K, 0% used [0x00000000eb300000,0x00000000eb300000,0x00000000f3280000)
  from space 9216K, 81% used [0x00000000f3c00000,0x00000000f4353ed8,0x00000000f4500000)
  to   space 9728K, 0% used [0x00000000f3280000,0x00000000f3280000,0x00000000f3c00000)
 ParOldGen       total 44032K, used 13585K [0x00000000c1800000, 0x00000000c4300000, 0x00000000eb300000)
  object space 44032K, 30% used [0x00000000c1800000,0x00000000c25444c8,0x00000000c4300000)
 Metaspace       used 20063K, capacity 20612K, committed 20864K, reserved 1067008K
  class space    used 2432K, capacity 2606K, committed 2688K, reserved 1048576K
}
Event: 18.736 GC heap before
{Heap before GC invocations=9 (full 0):
 PSYoungGen      total 139776K, used 116916K [0x00000000eb300000, 0x00000000f4600000, 0x0000000100000000)
  eden space 130560K, 83% used [0x00000000eb300000,0x00000000f1dd9208,0x00000000f3280000)
  from space 9216K, 81% used [0x00000000f3c00000,0x00000000f4353ed8,0x00000000f4500000)
  to   space 9728K, 0% used [0x00000000f3280000,0x00000000f3280000,0x00000000f3c00000)
 ParOldGen       total 44032K, used 13585K [0x00000000c1800000, 0x00000000c4300000, 0x00000000eb300000)
  object space 44032K, 30% used [0x00000000c1800000,0x00000000c25444c8,0x00000000c4300000)
 Metaspace       used 20607K, capacity 21116K, committed 21296K, reserved 1069056K
  class space    used 2465K, capacity 2642K, committed 2688K, reserved 1048576K
Event: 18.764 GC heap after
Heap after GC invocations=9 (full 0):
 PSYoungGen      total 140288K, used 6784K [0x00000000eb300000, 0x00000000f9200000, 0x0000000100000000)
  eden space 130560K, 0% used [0x00000000eb300000,0x00000000eb300000,0x00000000f3280000)
  from space 9728K, 69% used [0x00000000f3280000,0x00000000f3920000,0x00000000f3c00000)
  to   space 9728K, 0% used [0x00000000f8880000,0x00000000f8880000,0x00000000f9200000)
 ParOldGen       total 44032K, used 16265K [0x00000000c1800000, 0x00000000c4300000, 0x00000000eb300000)
  object space 44032K, 36% used [0x00000000c1800000,0x00000000c27e24c8,0x00000000c4300000)
 Metaspace       used 20607K, capacity 21116K, committed 21296K, reserved 1069056K
  class space    used 2465K, capacity 2642K, committed 2688K, reserved 1048576K
}
Event: 18.764 GC heap before
{Heap before GC invocations=10 (full 1):
 PSYoungGen      total 140288K, used 6784K [0x00000000eb300000, 0x00000000f9200000, 0x0000000100000000)
  eden space 130560K, 0% used [0x00000000eb300000,0x00000000eb300000,0x00000000f3280000)
  from space 9728K, 69% used [0x00000000f3280000,0x00000000f3920000,0x00000000f3c00000)
  to   space 9728K, 0% used [0x00000000f8880000,0x00000000f8880000,0x00000000f9200000)
 ParOldGen       total 44032K, used 16265K [0x00000000c1800000, 0x00000000c4300000, 0x00000000eb300000)
  object space 44032K, 36% used [0x00000000c1800000,0x00000000c27e24c8,0x00000000c4300000)
 Metaspace       used 20607K, capacity 21116K, committed 21296K, reserved 1069056K
  class space    used 2465K, capacity 2642K, committed 2688K, reserved 1048576K
Event: 18.885 GC heap after
Heap after GC invocations=10 (full 1):
 PSYoungGen      total 140288K, used 0K [0x00000000eb300000, 0x00000000f9200000, 0x0000000100000000)
  eden space 130560K, 0% used [0x00000000eb300000,0x00000000eb300000,0x00000000f3280000)
  from space 9728K, 0% used [0x00000000f3280000,0x00000000f3280000,0x00000000f3c00000)
  to   space 9728K, 0% used [0x00000000f8880000,0x00000000f8880000,0x00000000f9200000)
 ParOldGen       total 41472K, used 13696K [0x00000000c1800000, 0x00000000c4080000, 0x00000000eb300000)
  object space 41472K, 33% used [0x00000000c1800000,0x00000000c2560018,0x00000000c4080000)
 Metaspace       used 20607K, capacity 21116K, committed 21296K, reserved 1069056K
  class space    used 2465K, capacity 2642K, committed 2688K, reserved 1048576K
}

